2025-08-02 09:10:50,882 - INFO - Starting training on cuda
2025-08-02 09:10:50,882 - INFO - Configuration: configs/indoor_cr4.yaml
2025-08-02 09:10:50,882 - INFO - Compression ratio: 1/4
2025-08-02 09:10:50,882 - INFO - Dataset type: indoor
2025-08-02 09:10:50,892 - INFO - GPU: NVIDIA GeForce GTX 1650, Memory: 4.3GB
2025-08-02 09:10:50,892 - INFO - Initial GPU memory: 0.00GB
2025-08-02 09:10:51,090 - INFO - Using data from F:\CRLSTMNet\data\cost2100\indoor_20slots
2025-08-02 09:10:51,090 - INFO - Found 20 .mat files with pattern
2025-08-02 09:10:51,336 - INFO - Processing F:\CRLSTMNet\data\cost2100\indoor_20slots\H_user_t10_32all.mat: shape (5000, 32, 32)
2025-08-02 09:10:51,654 - INFO - Processing F:\CRLSTMNet\data\cost2100\indoor_20slots\H_user_t11_32all.mat: shape (5000, 32, 32)
2025-08-02 09:10:51,967 - INFO - Processing F:\CRLSTMNet\data\cost2100\indoor_20slots\H_user_t12_32all.mat: shape (5000, 32, 32)
2025-08-02 09:10:52,313 - INFO - Processing F:\CRLSTMNet\data\cost2100\indoor_20slots\H_user_t13_32all.mat: shape (5000, 32, 32)
2025-08-02 09:10:52,639 - INFO - Processing F:\CRLSTMNet\data\cost2100\indoor_20slots\H_user_t14_32all.mat: shape (5000, 32, 32)
2025-08-02 09:10:53,015 - INFO - Processing F:\CRLSTMNet\data\cost2100\indoor_20slots\H_user_t15_32all.mat: shape (5000, 32, 32)
2025-08-02 09:10:53,379 - INFO - Processing F:\CRLSTMNet\data\cost2100\indoor_20slots\H_user_t16_32all.mat: shape (5000, 32, 32)
2025-08-02 09:10:53,737 - INFO - Processing F:\CRLSTMNet\data\cost2100\indoor_20slots\H_user_t17_32all.mat: shape (5000, 32, 32)
2025-08-02 09:10:54,094 - INFO - Processing F:\CRLSTMNet\data\cost2100\indoor_20slots\H_user_t18_32all.mat: shape (5000, 32, 32)
2025-08-02 09:10:54,445 - INFO - Processing F:\CRLSTMNet\data\cost2100\indoor_20slots\H_user_t19_32all.mat: shape (5000, 32, 32)
2025-08-02 09:10:54,783 - INFO - Processing F:\CRLSTMNet\data\cost2100\indoor_20slots\H_user_t1_32all.mat: shape (5000, 32, 32)
2025-08-02 09:10:55,102 - INFO - Processing F:\CRLSTMNet\data\cost2100\indoor_20slots\H_user_t20_32all.mat: shape (5000, 32, 32)
2025-08-02 09:10:55,440 - INFO - Processing F:\CRLSTMNet\data\cost2100\indoor_20slots\H_user_t2_32all.mat: shape (5000, 32, 32)
2025-08-02 09:10:55,771 - INFO - Processing F:\CRLSTMNet\data\cost2100\indoor_20slots\H_user_t3_32all.mat: shape (5000, 32, 32)
2025-08-02 09:10:56,104 - INFO - Processing F:\CRLSTMNet\data\cost2100\indoor_20slots\H_user_t4_32all.mat: shape (5000, 32, 32)
2025-08-02 09:10:56,425 - INFO - Processing F:\CRLSTMNet\data\cost2100\indoor_20slots\H_user_t5_32all.mat: shape (5000, 32, 32)
2025-08-02 09:10:56,784 - INFO - Processing F:\CRLSTMNet\data\cost2100\indoor_20slots\H_user_t6_32all.mat: shape (5000, 32, 32)
2025-08-02 09:10:57,096 - INFO - Processing F:\CRLSTMNet\data\cost2100\indoor_20slots\H_user_t7_32all.mat: shape (5000, 32, 32)
2025-08-02 09:10:57,449 - INFO - Processing F:\CRLSTMNet\data\cost2100\indoor_20slots\H_user_t8_32all.mat: shape (5000, 32, 32)
2025-08-02 09:10:57,801 - INFO - Processing F:\CRLSTMNet\data\cost2100\indoor_20slots\H_user_t9_32all.mat: shape (5000, 32, 32)
2025-08-02 09:10:57,902 - INFO - Split dataset: 8000 samples for train
2025-08-02 09:10:57,913 - INFO - Found 20 .mat files with pattern
2025-08-02 09:10:58,176 - INFO - Processing F:\CRLSTMNet\data\cost2100\indoor_20slots\H_user_t10_32all.mat: shape (5000, 32, 32)
2025-08-02 09:10:58,489 - INFO - Processing F:\CRLSTMNet\data\cost2100\indoor_20slots\H_user_t11_32all.mat: shape (5000, 32, 32)
2025-08-02 09:10:58,794 - INFO - Processing F:\CRLSTMNet\data\cost2100\indoor_20slots\H_user_t12_32all.mat: shape (5000, 32, 32)
2025-08-02 09:10:59,108 - INFO - Processing F:\CRLSTMNet\data\cost2100\indoor_20slots\H_user_t13_32all.mat: shape (5000, 32, 32)
2025-08-02 09:10:59,446 - INFO - Processing F:\CRLSTMNet\data\cost2100\indoor_20slots\H_user_t14_32all.mat: shape (5000, 32, 32)
2025-08-02 09:10:59,818 - INFO - Processing F:\CRLSTMNet\data\cost2100\indoor_20slots\H_user_t15_32all.mat: shape (5000, 32, 32)
2025-08-02 09:11:00,170 - INFO - Processing F:\CRLSTMNet\data\cost2100\indoor_20slots\H_user_t16_32all.mat: shape (5000, 32, 32)
2025-08-02 09:11:00,498 - INFO - Processing F:\CRLSTMNet\data\cost2100\indoor_20slots\H_user_t17_32all.mat: shape (5000, 32, 32)
2025-08-02 09:11:00,834 - INFO - Processing F:\CRLSTMNet\data\cost2100\indoor_20slots\H_user_t18_32all.mat: shape (5000, 32, 32)
2025-08-02 09:11:01,160 - INFO - Processing F:\CRLSTMNet\data\cost2100\indoor_20slots\H_user_t19_32all.mat: shape (5000, 32, 32)
2025-08-02 09:11:01,513 - INFO - Processing F:\CRLSTMNet\data\cost2100\indoor_20slots\H_user_t1_32all.mat: shape (5000, 32, 32)
2025-08-02 09:11:01,831 - INFO - Processing F:\CRLSTMNet\data\cost2100\indoor_20slots\H_user_t20_32all.mat: shape (5000, 32, 32)
2025-08-02 09:11:02,162 - INFO - Processing F:\CRLSTMNet\data\cost2100\indoor_20slots\H_user_t2_32all.mat: shape (5000, 32, 32)
2025-08-02 09:11:02,517 - INFO - Processing F:\CRLSTMNet\data\cost2100\indoor_20slots\H_user_t3_32all.mat: shape (5000, 32, 32)
2025-08-02 09:11:02,814 - INFO - Processing F:\CRLSTMNet\data\cost2100\indoor_20slots\H_user_t4_32all.mat: shape (5000, 32, 32)
2025-08-02 09:11:03,126 - INFO - Processing F:\CRLSTMNet\data\cost2100\indoor_20slots\H_user_t5_32all.mat: shape (5000, 32, 32)
2025-08-02 09:11:03,463 - INFO - Processing F:\CRLSTMNet\data\cost2100\indoor_20slots\H_user_t6_32all.mat: shape (5000, 32, 32)
2025-08-02 09:11:03,800 - INFO - Processing F:\CRLSTMNet\data\cost2100\indoor_20slots\H_user_t7_32all.mat: shape (5000, 32, 32)
2025-08-02 09:11:04,160 - INFO - Processing F:\CRLSTMNet\data\cost2100\indoor_20slots\H_user_t8_32all.mat: shape (5000, 32, 32)
2025-08-02 09:11:04,499 - INFO - Processing F:\CRLSTMNet\data\cost2100\indoor_20slots\H_user_t9_32all.mat: shape (5000, 32, 32)
2025-08-02 09:11:04,736 - INFO - Split dataset: 2000 samples for val
2025-08-02 09:11:04,736 - INFO - Created dataloaders: 800 train batches, 200 val batches
2025-08-02 09:11:04,744 - INFO - Train samples: 8000, Val samples: 2000
2025-08-02 09:11:04,744 - INFO - Data loaders created: 800 train batches, 200 val batches
2025-08-02 09:11:04,795 - INFO - Model created with 2,105,003 total parameters (2,105,003 trainable)
2025-08-02 09:11:05,001 - INFO - Analyzing model complexity...
2025-08-02 09:11:19,682 - INFO - Complexity analysis saved to checkpoints\indoor_cr4\complexity_analysis_indoor_cr1_4.json
2025-08-02 09:11:19,702 - INFO - === Starting Stage 0: Spatial Pretraining ===
2025-08-02 12:00:35,094 - INFO - === Starting Stage 1: Temporal Training ===
2025-08-02 13:39:36,313 - INFO - === Starting Stage 2: End-to-End Fine-tuning ===
2025-08-02 18:30:01,966 - INFO - Training completed successfully!
2025-08-02 18:30:02,219 - INFO - Final model saved to checkpoints\indoor_cr4\indoor_cr1_4_20250802_0911_final_model.pth
2025-08-02 18:30:02,234 - INFO - Training summary saved to ./checkpoints/indoor_cr4/training_summary_indoor_cr1_4.json
