2025-08-02 20:02:29,309 - INFO - Starting training on cuda
2025-08-02 20:02:29,309 - INFO - Configuration: configs/outdoor_cr4.yaml
2025-08-02 20:02:29,309 - INFO - Compression ratio: 1/4
2025-08-02 20:02:29,309 - INFO - Dataset type: outdoor
2025-08-02 20:02:29,309 - INFO - GPU: NVIDIA GeForce GTX 1650, Memory: 4.3GB
2025-08-02 20:02:29,309 - INFO - Initial GPU memory: 0.00GB
2025-08-02 20:02:29,371 - INFO - Using data from F:\CRLSTMNet\data\cost2100\outdoor_20slots
2025-08-02 20:02:29,371 - INFO - Found 20 .mat files with pattern
2025-08-02 20:02:29,616 - INFO - Processing F:\CRLSTMNet\data\cost2100\outdoor_20slots\H_user_t10_32all.mat: shape (2500, 32, 64)
2025-08-02 20:02:30,011 - INFO - Processing F:\CRLSTMNet\data\cost2100\outdoor_20slots\H_user_t11_32all.mat: shape (2500, 32, 64)
2025-08-02 20:02:30,442 - INFO - Processing F:\CRLSTMNet\data\cost2100\outdoor_20slots\H_user_t12_32all.mat: shape (2500, 32, 64)
2025-08-02 20:02:30,857 - INFO - Processing F:\CRLSTMNet\data\cost2100\outdoor_20slots\H_user_t13_32all.mat: shape (2500, 32, 64)
2025-08-02 20:02:31,271 - INFO - Processing F:\CRLSTMNet\data\cost2100\outdoor_20slots\H_user_t14_32all.mat: shape (2500, 32, 64)
2025-08-02 20:02:31,662 - INFO - Processing F:\CRLSTMNet\data\cost2100\outdoor_20slots\H_user_t15_32all.mat: shape (2500, 32, 64)
2025-08-02 20:02:32,036 - INFO - Processing F:\CRLSTMNet\data\cost2100\outdoor_20slots\H_user_t16_32all.mat: shape (2500, 32, 64)
2025-08-02 20:02:32,462 - INFO - Processing F:\CRLSTMNet\data\cost2100\outdoor_20slots\H_user_t17_32all.mat: shape (2500, 32, 64)
2025-08-02 20:02:32,883 - INFO - Processing F:\CRLSTMNet\data\cost2100\outdoor_20slots\H_user_t18_32all.mat: shape (2500, 32, 64)
2025-08-02 20:02:33,313 - INFO - Processing F:\CRLSTMNet\data\cost2100\outdoor_20slots\H_user_t19_32all.mat: shape (2500, 32, 64)
2025-08-02 20:02:33,739 - INFO - Processing F:\CRLSTMNet\data\cost2100\outdoor_20slots\H_user_t1_32all.mat: shape (2500, 32, 64)
2025-08-02 20:02:34,152 - INFO - Processing F:\CRLSTMNet\data\cost2100\outdoor_20slots\H_user_t20_32all.mat: shape (2500, 32, 64)
2025-08-02 20:02:34,570 - INFO - Processing F:\CRLSTMNet\data\cost2100\outdoor_20slots\H_user_t2_32all.mat: shape (2500, 32, 64)
2025-08-02 20:02:34,962 - INFO - Processing F:\CRLSTMNet\data\cost2100\outdoor_20slots\H_user_t3_32all.mat: shape (2500, 32, 64)
2025-08-02 20:02:35,362 - INFO - Processing F:\CRLSTMNet\data\cost2100\outdoor_20slots\H_user_t4_32all.mat: shape (2500, 32, 64)
2025-08-02 20:02:35,795 - INFO - Processing F:\CRLSTMNet\data\cost2100\outdoor_20slots\H_user_t5_32all.mat: shape (2500, 32, 64)
2025-08-02 20:02:36,228 - INFO - Processing F:\CRLSTMNet\data\cost2100\outdoor_20slots\H_user_t6_32all.mat: shape (2500, 32, 64)
2025-08-02 20:02:36,662 - INFO - Processing F:\CRLSTMNet\data\cost2100\outdoor_20slots\H_user_t7_32all.mat: shape (2500, 32, 64)
2025-08-02 20:02:37,055 - INFO - Processing F:\CRLSTMNet\data\cost2100\outdoor_20slots\H_user_t8_32all.mat: shape (2500, 32, 64)
2025-08-02 20:02:37,459 - INFO - Processing F:\CRLSTMNet\data\cost2100\outdoor_20slots\H_user_t9_32all.mat: shape (2500, 32, 64)
2025-08-02 20:02:37,632 - INFO - Split dataset: 3312 samples for train
2025-08-02 20:02:37,632 - INFO - Found 20 .mat files with pattern
2025-08-02 20:02:37,875 - INFO - Processing F:\CRLSTMNet\data\cost2100\outdoor_20slots\H_user_t10_32all.mat: shape (2500, 32, 64)
2025-08-02 20:02:38,268 - INFO - Processing F:\CRLSTMNet\data\cost2100\outdoor_20slots\H_user_t11_32all.mat: shape (2500, 32, 64)
2025-08-02 20:02:38,681 - INFO - Processing F:\CRLSTMNet\data\cost2100\outdoor_20slots\H_user_t12_32all.mat: shape (2500, 32, 64)
2025-08-02 20:02:39,079 - INFO - Processing F:\CRLSTMNet\data\cost2100\outdoor_20slots\H_user_t13_32all.mat: shape (2500, 32, 64)
2025-08-02 20:02:39,493 - INFO - Processing F:\CRLSTMNet\data\cost2100\outdoor_20slots\H_user_t14_32all.mat: shape (2500, 32, 64)
2025-08-02 20:02:39,918 - INFO - Processing F:\CRLSTMNet\data\cost2100\outdoor_20slots\H_user_t15_32all.mat: shape (2500, 32, 64)
2025-08-02 20:02:40,322 - INFO - Processing F:\CRLSTMNet\data\cost2100\outdoor_20slots\H_user_t16_32all.mat: shape (2500, 32, 64)
2025-08-02 20:02:40,744 - INFO - Processing F:\CRLSTMNet\data\cost2100\outdoor_20slots\H_user_t17_32all.mat: shape (2500, 32, 64)
2025-08-02 20:02:41,189 - INFO - Processing F:\CRLSTMNet\data\cost2100\outdoor_20slots\H_user_t18_32all.mat: shape (2500, 32, 64)
2025-08-02 20:02:41,643 - INFO - Processing F:\CRLSTMNet\data\cost2100\outdoor_20slots\H_user_t19_32all.mat: shape (2500, 32, 64)
2025-08-02 20:02:42,072 - INFO - Processing F:\CRLSTMNet\data\cost2100\outdoor_20slots\H_user_t1_32all.mat: shape (2500, 32, 64)
2025-08-02 20:02:42,509 - INFO - Processing F:\CRLSTMNet\data\cost2100\outdoor_20slots\H_user_t20_32all.mat: shape (2500, 32, 64)
2025-08-02 20:02:42,921 - INFO - Processing F:\CRLSTMNet\data\cost2100\outdoor_20slots\H_user_t2_32all.mat: shape (2500, 32, 64)
2025-08-02 20:02:43,335 - INFO - Processing F:\CRLSTMNet\data\cost2100\outdoor_20slots\H_user_t3_32all.mat: shape (2500, 32, 64)
2025-08-02 20:02:43,768 - INFO - Processing F:\CRLSTMNet\data\cost2100\outdoor_20slots\H_user_t4_32all.mat: shape (2500, 32, 64)
2025-08-02 20:02:44,179 - INFO - Processing F:\CRLSTMNet\data\cost2100\outdoor_20slots\H_user_t5_32all.mat: shape (2500, 32, 64)
2025-08-02 20:02:44,603 - INFO - Processing F:\CRLSTMNet\data\cost2100\outdoor_20slots\H_user_t6_32all.mat: shape (2500, 32, 64)
2025-08-02 20:02:45,002 - INFO - Processing F:\CRLSTMNet\data\cost2100\outdoor_20slots\H_user_t7_32all.mat: shape (2500, 32, 64)
2025-08-02 20:02:45,434 - INFO - Processing F:\CRLSTMNet\data\cost2100\outdoor_20slots\H_user_t8_32all.mat: shape (2500, 32, 64)
2025-08-02 20:02:45,854 - INFO - Processing F:\CRLSTMNet\data\cost2100\outdoor_20slots\H_user_t9_32all.mat: shape (2500, 32, 64)
2025-08-02 20:02:46,113 - INFO - Split dataset: 828 samples for val
2025-08-02 20:02:46,113 - INFO - Created dataloaders: 276 train batches, 69 val batches
2025-08-02 20:02:46,113 - INFO - Train samples: 3312, Val samples: 828
2025-08-02 20:02:46,113 - INFO - Data loaders created: 276 train batches, 69 val batches
2025-08-02 20:02:46,158 - INFO - Model created with 2,105,003 total parameters (2,105,003 trainable)
2025-08-02 20:02:46,312 - INFO - Analyzing model complexity...
2025-08-02 20:03:01,192 - INFO - Complexity analysis saved to checkpoints\outdoor_cr4_enhanced\complexity_analysis_outdoor_cr1_4.json
2025-08-02 20:03:01,212 - INFO - === Starting Stage 0: Spatial Pretraining ===
2025-08-02 21:24:29,324 - INFO - === Starting Stage 1: Temporal Training ===
2025-08-02 22:40:51,323 - INFO - === Starting Stage 2: End-to-End Fine-tuning ===
2025-08-03 00:45:06,043 - INFO - Training completed successfully!
2025-08-03 00:45:06,144 - INFO - Final model saved to checkpoints\outdoor_cr4_enhanced\outdoor_cr1_4_T12_enhanced_20250802_2003_final_model.pth
2025-08-03 00:45:06,154 - INFO - Training summary saved to ./checkpoints/outdoor_cr4_enhanced/training_summary_outdoor_cr1_4.json
